<?xml version="1.0" encoding="UTF-8"?>
<testsuite xmlns:xsi="http://www.w3.org/2001/XMLSchema-instance" xsi:noNamespaceSchemaLocation="https://maven.apache.org/surefire/maven-surefire-plugin/xsd/surefire-test-report.xsd" name="logic.GameBoardTests" time="0.001" tests="13" errors="0" skipped="0" failures="0">
  <properties>
[...]
</properties>
  <testcase name="getGameTileOccurrencesAtSegment_Rows_test" classname="logic.GameBoardTests" time="0"/>
  <testcase name="boardConstructor_different_sizes_test" classname="logic.GameBoardTests" time="0"/>
  <testcase name="usedSpaces_test" classname="logic.GameBoardTests" time="0"/>
  <testcase name="getGameTileOccurrencesAtSegment_Columns_test" classname="logic.GameBoardTests" time="0"/>
  <testcase name="isFull_test" classname="logic.GameBoardTests" time="0"/>
  <testcase name="boardConstructor_loadedPreset_test" classname="logic.GameBoardTests" time="0"/>
  <testcase name="getGameTileAt_test" classname="logic.GameBoardTests" time="0"/>
  <testcase name="getGameBoard_test" classname="logic.GameBoardTests" time="0"/>
  <testcase name="gameTileOccurrences_test" classname="logic.GameBoardTests" time="0"/>
  <testcase name="isEmpty_test" classname="logic.GameBoardTests" time="0"/>
  <testcase name="gameTileOccurrences_wildcards_test" classname="logic.GameBoardTests" time="0"/>
  <testcase name="placeTileOnBoard_test" classname="logic.GameBoardTests" time="0"/>
  <testcase name="isFreeAt_test" classname="logic.GameBoardTests" time="0"/>
</testsuite>